AddClients.exe Information: 0 : [DEBUG] In SynchronousMessageRequest..ctor
AddClients.exe Information: 0 : [DEBUG] Encoding: System.Text.UnicodeEncoding
AddClients.exe Information: 0 : Certificate Purpose flags are: Signing
AddClients.exe Information: 0 : Validating message settings
   AddClients.exe Information: 0 : Message 'Microsoft.ConfigurationManagement.Messaging.Messages.ConfigMgrRegistrationRequest' support status: 'Supported'. Message is supported and any functionality issues should be reported as bugs.
   AddClients.exe Information: 0 : [DEBUG] Flags for message ConfigMgrRegistrationRequest are NotSigned
   AddClients.exe Information: 0 : [DEBUG] Message has a SigningSmsId, but message is explicitly set to reject signing. Not signing message.
   AddClients.exe Information: 0 : [DEBUG] Message Microsoft.ConfigurationManagement.Messaging.Messages.ConfigMgrRegistrationRequest will be signed: False
   AddClients.exe Information: 0 : [DEBUG] RegistrationRequest encryption certificate is null, using message encryption certificate
   AddClients.exe Information: 0 : [DEBUG] The following warning (if present) can be safely ignored.
   AddClients.exe Warning: 0 : No certificate of type Encryption was found.
   AddClients.exe Information: 0 : [DEBUG] RegistrationRequest encryption certificate is null, using message encryption certificate
   AddClients.exe Information: 0 : [DEBUG] Get certificate for Signing returned 1706EA4FF2FCCD52758A1A9A7F0AEC64C0184960
   AddClients.exe Information: 0 : [DEBUG] 0 validation exceptions were handled during validation process.
AddClients.exe Information: 0 : Sending registration request for client DC2016 to MP SCCM.FoxDeploy.local
AddClients.exe Information: 0 : Sending message 'Microsoft.ConfigurationManagement.Messaging.Messages.ConfigMgrRegistrationRequest' via sender 'Microsoft.ConfigurationManagement.Messaging.Sender.Http.HttpSender'. Message type: 'Sync'
AddClients.exe Information: 0 : Validating message settings
   AddClients.exe Information: 0 : Message 'Microsoft.ConfigurationManagement.Messaging.Messages.ConfigMgrRegistrationRequest' support status: 'Supported'. Message is supported and any functionality issues should be reported as bugs.
   AddClients.exe Information: 0 : [DEBUG] Flags for message ConfigMgrRegistrationRequest are NotSigned
   AddClients.exe Information: 0 : [DEBUG] Message has a SigningSmsId, but message is explicitly set to reject signing. Not signing message.
   AddClients.exe Information: 0 : [DEBUG] Message Microsoft.ConfigurationManagement.Messaging.Messages.ConfigMgrRegistrationRequest will be signed: False
   AddClients.exe Information: 0 : [DEBUG] RegistrationRequest encryption certificate is null, using message encryption certificate
   AddClients.exe Information: 0 : [DEBUG] The following warning (if present) can be safely ignored.
   AddClients.exe Warning: 0 : No certificate of type Encryption was found.
   AddClients.exe Information: 0 : [DEBUG] RegistrationRequest encryption certificate is null, using message encryption certificate
   AddClients.exe Information: 0 : [DEBUG] Get certificate for Signing returned 1706EA4FF2FCCD52758A1A9A7F0AEC64C0184960
   AddClients.exe Information: 0 : [DEBUG] 0 validation exceptions were handled during validation process.
AddClients.exe Warning: 0 : No certificate of type Encryption was found.
AddClients.exe Information: 0 : [DEBUG] Get certificate for Signing returned 1706EA4FF2FCCD52758A1A9A7F0AEC64C0184960
AddClients.exe Information: 0 : [DEBUG] RegistrationRequest encryption certificate is null, using message encryption certificate
AddClients.exe Information: 0 : [DEBUG] The following warning (if present) can be safely ignored.
AddClients.exe Warning: 0 : No certificate of type Encryption was found.
AddClients.exe Information: 0 : [DEBUG] Get certificate for Signing returned 1706EA4FF2FCCD52758A1A9A7F0AEC64C0184960
AddClients.exe Information: 0 : [DEBUG] Get certificate for Signing returned 1706EA4FF2FCCD52758A1A9A7F0AEC64C0184960
AddClients.exe Information: 0 : [DEBUG] Serialization flags for message Microsoft.ConfigurationManagement.Messaging.Messages.ClientRegistrationRequestData are: None
AddClients.exe Information: 0 : [DEBUG] Serialization flags for message Microsoft.ConfigurationManagement.Messaging.Messages.ClientRegistrationRequest are: None
AddClients.exe Information: 0 : [DEBUG] Payload bytes are being set.
AddClients.exe Information: 0 : [DEBUG] AuthenticationType is: Automatic. Credentials are: null
AddClients.exe Information: 0 : [DEBUG] Returning /ccm_system/request VDIR
AddClients.exe Information: 0 : [DEBUG] MessageVerb is: CCM_POST
AddClients.exe Information: 0 : [DEBUG] ManagementPointUriPath is: /ccm_system/request
AddClients.exe Information: 0 : [DEBUG] Using URI http://sccm.foxdeploy.local/ccm_system/request
AddClients.exe Information: 0 : [DEBUG] Using CCM_POST method to send data to web server
AddClients.exe Information: 0 : [DEBUG] Message is a standard MP message.
   AddClients.exe Information: 0 : [DEBUG] Flags for message ConfigMgrRegistrationRequest are NotSigned
   AddClients.exe Information: 0 : [DEBUG] Message has a SigningSmsId, but message is explicitly set to reject signing. Not signing message.
   AddClients.exe Information: 0 : [DEBUG] Message Microsoft.ConfigurationManagement.Messaging.Messages.ConfigMgrRegistrationRequest will be signed: False
AddClients.exe Information: 0 : [DEBUG] Serialization flags for message Microsoft.ConfigurationManagement.Messaging.Framework.ManagementPoint.MPMessageBodyOutgoing are: None
AddClients.exe Information: 0 : [DEBUG] No hooks present, not writing hooks to XML stream
AddClients.exe Information: 0 : [DEBUG] CCM_POST: payload size 6868
AddClients.exe Information: 0 : HTTP response status code is: OK
AddClients.exe Information: 0 : [DEBUG] Cloning message
AddClients.exe Information: 0 : [DEBUG] Not cloning Settings because CloneSettings is not specified
AddClients.exe Information: 0 : [DEBUG] Not cloning property Endpoint because it is a special message-specific property
AddClients.exe Information: 0 : [DEBUG] Not cloning property ReplyEndpoint because it is a special message-specific property
AddClients.exe Information: 0 : [DEBUG] byteStream has an 0xfffe BOM, stripping out the first two bytes.
AddClients.exe Information: 0 : [DEBUG] MIME type is parsed as: Text
AddClients.exe Information: 0 : [DEBUG] MIME sub-type is parsed as: plain
AddClients.exe Information: 0 : [DEBUG] MIME type is parsed as: Application
AddClients.exe Information: 0 : [DEBUG] MIME sub-type is parsed as: octet-stream
AddClients.exe Information: 0 : [DEBUG] 2 MIME blobs in reply
AddClients.exe Information: 0 : [DEBUG] Message is a Msg message, second element has the body
AddClients.exe Warning: 0 : No certificate of type ManagementPointSigning was found.
AddClients.exe Information: 0 : [DEBUG] Got return message (size: 244)
AddClients.exe Information: 0 : [DEBUG] SimpleBodyDeserialization<T> Payload encoding: System.Text.UnicodeEncoding
AddClients.exe Information: 0 : [DEBUG] Payload has changed, re-generating the payload string.
AddClients.exe Information: 0 : Got registration reply. Current registration status: Error
AddClients.exe Error: 0 : Invalid registration state. Cannot continue.
